{
  "stats": {
    "suites": 0,
    "tests": 1,
    "passes": 1,
    "pending": 0,
    "failures": 0,
    "start": "2023-03-02T06:33:37.333Z",
    "end": "2023-03-02T06:33:44.280Z",
    "duration": 6947,
    "testsRegistered": 1,
    "passPercent": 100,
    "pendingPercent": 0,
    "other": 0,
    "hasOther": false,
    "skipped": 0,
    "hasSkipped": false
  },
  "results": [
    {
      "uuid": "5a22c298-c12b-4f98-96ca-601eb7282bc0",
      "title": "",
      "fullFile": "cypress\\e2e\\1st.cy.js",
      "file": "cypress\\e2e\\1st.cy.js",
      "beforeHooks": [],
      "afterHooks": [],
      "tests": [
        {
          "title": "Log in to Canary",
          "fullTitle": "Log in to Canary",
          "timedOut": null,
          "duration": 6887,
          "state": "passed",
          "speed": "medium",
          "pass": true,
          "fail": false,
          "pending": false,
          "context": null,
          "code": "cy.visit('https://canary.api.meld.cx/login'), cy.get(':nth-child(2) > span > input').type(Cypress.env('email')), cy.get(':nth-child(3) > span > input').type(Cypress.env('password')), cy.get('.glow > span').click(), cy.get('.nav-bar-burger').click();",
          "err": {},
          "uuid": "b113a96c-665a-4e33-89ae-59eab5e8e590",
          "parentUUID": "5a22c298-c12b-4f98-96ca-601eb7282bc0",
          "isHook": false,
          "skipped": false
        }
      ],
      "suites": [],
      "passes": [
        "b113a96c-665a-4e33-89ae-59eab5e8e590"
      ],
      "failures": [],
      "pending": [],
      "skipped": [],
      "duration": 6887,
      "root": true,
      "rootEmpty": false,
      "_timeout": 2000
    }
  ],
  "meta": {
    "mocha": {
      "version": "7.0.1"
    },
    "mochawesome": {
      "options": {
        "quiet": false,
        "reportFilename": "[name]-[status]_[datetime]-report",
        "saveHtml": false,
        "saveJson": true,
        "consoleReporter": "spec",
        "useInlineDiffs": false,
        "code": true
      },
      "version": "7.1.3"
    },
    "marge": {
      "options": {
        "reportFilename": "[name]-[status]_[datetime]-report",
        "timestamp": "longDate",
        "overwrite": false,
        "html": false,
        "json": true,
        "inlineAssets": true,
        "reportDir": "cypress\\reports\\html\\.jsons"
      },
      "version": "6.2.0"
    }
  }
}