{
  "stats": {
    "suites": 0,
    "tests": 1,
    "passes": 0,
    "pending": 0,
    "failures": 1,
    "start": "2023-03-02T06:36:16.936Z",
    "end": "2023-03-02T06:37:12.878Z",
    "duration": 55942,
    "testsRegistered": 1,
    "passPercent": 0,
    "pendingPercent": 0,
    "other": 0,
    "hasOther": false,
    "skipped": 0,
    "hasSkipped": false
  },
  "results": [
    {
      "uuid": "4cdd399f-c2d1-4c00-b14a-f731bd8e3764",
      "title": "",
      "fullFile": "cypress\\e2e\\1st.cy.js",
      "file": "cypress\\e2e\\1st.cy.js",
      "beforeHooks": [],
      "afterHooks": [],
      "tests": [
        {
          "title": "Log in to Canary",
          "fullTitle": "Log in to Canary",
          "timedOut": null,
          "duration": 55880,
          "state": "failed",
          "speed": null,
          "pass": false,
          "fail": true,
          "pending": false,
          "context": null,
          "code": "cy.visit('https://canary.api.meld.cx/login'), cy.get(':nth-child(2) > span > input').type(Cypress.env('email')), cy.get(':nth-child(3) > span > input').type(Cypress.env('password')), cy.get('.glow > span').click(),\n//cy.get('.nav-bar-burger').click(),\ncy.get('.content grid g-calign-top devices-grid').check(Cypress.env('chromedevicename'));",
          "err": {
            "message": "AssertionError: Timed out retrying after 50000ms: Expected to find element: `.content grid g-calign-top devices-grid`, but never found it.",
            "estack": "AssertionError: Timed out retrying after 50000ms: Expected to find element: `.content grid g-calign-top devices-grid`, but never found it.\n    at Context.eval (webpack:///./cypress/e2e/1st.cy.js:7:5)",
            "diff": null
          },
          "uuid": "c4e5a3da-5617-4b60-978b-a0316100d1d8",
          "parentUUID": "4cdd399f-c2d1-4c00-b14a-f731bd8e3764",
          "isHook": false,
          "skipped": false
        }
      ],
      "suites": [],
      "passes": [],
      "failures": [
        "c4e5a3da-5617-4b60-978b-a0316100d1d8"
      ],
      "pending": [],
      "skipped": [],
      "duration": 55880,
      "root": true,
      "rootEmpty": false,
      "_timeout": 2000
    }
  ],
  "meta": {
    "mocha": {
      "version": "7.0.1"
    },
    "mochawesome": {
      "options": {
        "quiet": false,
        "reportFilename": "[name]-[status]_[datetime]-report",
        "saveHtml": false,
        "saveJson": true,
        "consoleReporter": "spec",
        "useInlineDiffs": false,
        "code": true
      },
      "version": "7.1.3"
    },
    "marge": {
      "options": {
        "reportFilename": "[name]-[status]_[datetime]-report",
        "timestamp": "longDate",
        "overwrite": false,
        "html": false,
        "json": true,
        "inlineAssets": true,
        "reportDir": "cypress\\reports\\html\\.jsons"
      },
      "version": "6.2.0"
    }
  }
}