{
  "stats": {
    "suites": 0,
    "tests": 1,
    "passes": 0,
    "pending": 0,
    "failures": 1,
    "start": "2023-03-02T06:31:46.586Z",
    "end": "2023-03-02T06:32:44.675Z",
    "duration": 58089,
    "testsRegistered": 1,
    "passPercent": 0,
    "pendingPercent": 0,
    "other": 0,
    "hasOther": false,
    "skipped": 0,
    "hasSkipped": false
  },
  "results": [
    {
      "uuid": "6567aea1-35a1-46da-a1b6-7cc5dee18082",
      "title": "",
      "fullFile": "cypress\\e2e\\1st.cy.js",
      "file": "cypress\\e2e\\1st.cy.js",
      "beforeHooks": [],
      "afterHooks": [],
      "tests": [
        {
          "title": "Log in to Canary",
          "fullTitle": "Log in to Canary",
          "timedOut": null,
          "duration": 58033,
          "state": "failed",
          "speed": null,
          "pass": false,
          "fail": true,
          "pending": false,
          "context": null,
          "code": "cy.visit('https://canary.api.meld.cx/login'), cy.get(':nth-child(2) > span > input').type(Cypress.env('email')), cy.get(':nth-child(3) > span > input').type(Cypress.env('password')), cy.get('.glow > span').click(), cy.get('.nav-bar-burger').click(), cy.get('.dib va-m').click();",
          "err": {
            "message": "AssertionError: Timed out retrying after 50000ms: Expected to find element: `.dib va-m`, but never found it.",
            "estack": "AssertionError: Timed out retrying after 50000ms: Expected to find element: `.dib va-m`, but never found it.\n    at Context.eval (webpack:///./cypress/e2e/1st.cy.js:7:5)",
            "diff": null
          },
          "uuid": "a6fb05d1-fa84-4b68-afe0-087e7fb58fd8",
          "parentUUID": "6567aea1-35a1-46da-a1b6-7cc5dee18082",
          "isHook": false,
          "skipped": false
        }
      ],
      "suites": [],
      "passes": [],
      "failures": [
        "a6fb05d1-fa84-4b68-afe0-087e7fb58fd8"
      ],
      "pending": [],
      "skipped": [],
      "duration": 58033,
      "root": true,
      "rootEmpty": false,
      "_timeout": 2000
    }
  ],
  "meta": {
    "mocha": {
      "version": "7.0.1"
    },
    "mochawesome": {
      "options": {
        "quiet": false,
        "reportFilename": "[name]-[status]_[datetime]-report",
        "saveHtml": false,
        "saveJson": true,
        "consoleReporter": "spec",
        "useInlineDiffs": false,
        "code": true
      },
      "version": "7.1.3"
    },
    "marge": {
      "options": {
        "reportFilename": "[name]-[status]_[datetime]-report",
        "timestamp": "longDate",
        "overwrite": false,
        "html": false,
        "json": true,
        "inlineAssets": true,
        "reportDir": "cypress\\reports\\html\\.jsons"
      },
      "version": "6.2.0"
    }
  }
}