{
  "stats": {
    "suites": 0,
    "tests": 1,
    "passes": 1,
    "pending": 0,
    "failures": 0,
    "start": "2023-03-02T07:08:09.236Z",
    "end": "2023-03-02T07:08:22.149Z",
    "duration": 12913,
    "testsRegistered": 1,
    "passPercent": 100,
    "pendingPercent": 0,
    "other": 0,
    "hasOther": false,
    "skipped": 0,
    "hasSkipped": false
  },
  "results": [
    {
      "uuid": "a46ae5c1-e7c2-4e13-a2f9-f347bcaa42c9",
      "title": "",
      "fullFile": "cypress\\e2e\\1st.cy.js",
      "file": "cypress\\e2e\\1st.cy.js",
      "beforeHooks": [],
      "afterHooks": [],
      "tests": [
        {
          "title": "Log in to Canary",
          "fullTitle": "Log in to Canary",
          "timedOut": null,
          "duration": 12742,
          "state": "passed",
          "speed": "slow",
          "pass": true,
          "fail": false,
          "pending": false,
          "context": null,
          "code": "cy.visit('https://canary.api.meld.cx/login'), cy.get(':nth-child(2) > span > input').type(Cypress.env('email')), cy.get(':nth-child(3) > span > input').type(Cypress.env('password')), cy.get('.glow > span').click(),\n//cy.get('.nav-bar-burger').click(),\ncy.get('.devices-recent > .content'), cy.get('[href=\"/device/3929\"] > span.ellipsis').click(), cy.get(':nth-child(2) > :nth-child(2) > .label'), cy.get(':nth-child(2) > :nth-child(2) > input').should('have.value', Cypress.env('chromedevicename'));",
          "err": {},
          "uuid": "504dfd74-087c-4c64-a8f8-6f4f33d945f2",
          "parentUUID": "a46ae5c1-e7c2-4e13-a2f9-f347bcaa42c9",
          "isHook": false,
          "skipped": false
        }
      ],
      "suites": [],
      "passes": [
        "504dfd74-087c-4c64-a8f8-6f4f33d945f2"
      ],
      "failures": [],
      "pending": [],
      "skipped": [],
      "duration": 12742,
      "root": true,
      "rootEmpty": false,
      "_timeout": 2000
    }
  ],
  "meta": {
    "mocha": {
      "version": "7.0.1"
    },
    "mochawesome": {
      "options": {
        "quiet": false,
        "reportFilename": "[name]-[status]_[datetime]-report",
        "saveHtml": false,
        "saveJson": true,
        "consoleReporter": "spec",
        "useInlineDiffs": false,
        "code": true
      },
      "version": "7.1.3"
    },
    "marge": {
      "options": {
        "reportFilename": "[name]-[status]_[datetime]-report",
        "timestamp": "longDate",
        "overwrite": false,
        "html": false,
        "json": true,
        "inlineAssets": true,
        "reportDir": "cypress\\reports\\html\\.jsons"
      },
      "version": "6.2.0"
    }
  }
}