{
  "stats": {
    "suites": 0,
    "tests": 1,
    "passes": 1,
    "pending": 0,
    "failures": 0,
    "start": "2023-03-02T05:23:55.761Z",
    "end": "2023-03-02T05:24:01.121Z",
    "duration": 5360,
    "testsRegistered": 1,
    "passPercent": 100,
    "pendingPercent": 0,
    "other": 0,
    "hasOther": false,
    "skipped": 0,
    "hasSkipped": false
  },
  "results": [
    {
      "uuid": "efbb7e61-002f-4a04-9ef7-1dc054f82573",
      "title": "",
      "fullFile": "cypress\\e2e\\1st.cy.js",
      "file": "cypress\\e2e\\1st.cy.js",
      "beforeHooks": [],
      "afterHooks": [],
      "tests": [
        {
          "title": "Log in to Canary",
          "fullTitle": "Log in to Canary",
          "timedOut": null,
          "duration": 5332,
          "state": "passed",
          "speed": "medium",
          "pass": true,
          "fail": false,
          "pending": false,
          "context": null,
          "code": "cy.visit('https://canary.api.meld.cx/login');",
          "err": {},
          "uuid": "8b0349ee-e322-49e6-8a30-b203d06d0bf8",
          "parentUUID": "efbb7e61-002f-4a04-9ef7-1dc054f82573",
          "isHook": false,
          "skipped": false
        }
      ],
      "suites": [],
      "passes": [
        "8b0349ee-e322-49e6-8a30-b203d06d0bf8"
      ],
      "failures": [],
      "pending": [],
      "skipped": [],
      "duration": 5332,
      "root": true,
      "rootEmpty": false,
      "_timeout": 2000
    }
  ],
  "meta": {
    "mocha": {
      "version": "7.0.1"
    },
    "mochawesome": {
      "options": {
        "quiet": false,
        "reportFilename": "[name]-[status]_[datetime]-report",
        "saveHtml": false,
        "saveJson": true,
        "consoleReporter": "spec",
        "useInlineDiffs": false,
        "code": true
      },
      "version": "7.1.3"
    },
    "marge": {
      "options": {
        "reportFilename": "[name]-[status]_[datetime]-report",
        "timestamp": "longDate",
        "overwrite": false,
        "html": false,
        "json": true,
        "inlineAssets": true,
        "reportDir": "cypress\\reports\\html\\.jsons"
      },
      "version": "6.2.0"
    }
  }
}